# JRE version: OpenJDK Runtime Environment Temurin-21.0.10+7 (21.0.10+7) (build 21.0.10+7-LTS)
# Java VM: OpenJDK 64-Bit Server VM Temurin-21.0.10+7 (21.0.10+7-LTS, mixed mode, sharing, tiered, compressed oops, compressed class ptrs, g1 gc, bsd-amd64)
GC Precious Log:
 CardTable entry size: 512
 Card Set container configuration: InlinePtr #cards 5 size 8 Array Of Cards #cards 12 size 40 Howl #buckets 4 coarsen threshold 1843 Howl Bitmap #cards 512 size 80 coarsen threshold 460 Card regions per heap region 1 cards per card region 2048
 CPUs: 4 total, 4 available
 Memory: 8192M
 Large Page Support: Disabled
 NUMA Support: Disabled
 Compressed Oops: Enabled (Zero based)
 Heap Region Size: 1M
 Heap Min Capacity: 8M
 Heap Initial Capacity: 128M
 Heap Max Capacity: 2G
 Pre-touch: Disabled
 Parallel Workers: 4
 Concurrent Workers: 1
 Concurrent Refinement Workers: 4
 Periodic GC: Disabled
Heap:
 garbage-first heap   total 49152K, used 26539K [0x0000000780000000, 0x0000000800000000)
  region size 1024K, 15 young (15360K), 4 survivors (4096K)
 Metaspace       used 36543K, committed 37120K, reserved 1114112K
  class space    used 4737K, committed 4992K, reserved 1048576K
GC Heap History (20 events):
Event: 2.624 GC heap before
{Heap before GC invocations=1 (full 0):
 garbage-first heap   total 133120K, used 20248K [0x0000000780000000, 0x0000000800000000)
  region size 1024K, 18 young (18432K), 2 survivors (2048K)
 Metaspace       used 5950K, committed 6144K, reserved 1114112K
  class space    used 608K, committed 704K, reserved 1048576K
}
Event: 2.629 GC heap after
{Heap after GC invocations=2 (full 0):
 garbage-first heap   total 133120K, used 6066K [0x0000000780000000, 0x0000000800000000)
  region size 1024K, 2 young (2048K), 2 survivors (2048K)
 Metaspace       used 5950K, committed 6144K, reserved 1114112K
  class space    used 608K, committed 704K, reserved 1048576K
}
Event: 4.107 GC heap before
{Heap before GC invocations=2 (full 0):
 garbage-first heap   total 133120K, used 66482K [0x0000000780000000, 0x0000000800000000)
  region size 1024K, 62 young (63488K), 2 survivors (2048K)
 Metaspace       used 13221K, committed 13568K, reserved 1114112K
  class space    used 1631K, committed 1792K, reserved 1048576K
}
Event: 4.115 GC heap after
{Heap after GC invocations=3 (full 0):
 garbage-first heap   total 133120K, used 7896K [0x0000000780000000, 0x0000000800000000)
  region size 1024K, 3 young (3072K), 3 survivors (3072K)
 Metaspace       used 13221K, committed 13568K, reserved 1114112K
  class space    used 1631K, committed 1792K, reserved 1048576K
}
Event: 4.991 GC heap before
{Heap before GC invocations=3 (full 0):
 garbage-first heap   total 133120K, used 81624K [0x0000000780000000, 0x0000000800000000)
  region size 1024K, 76 young (77824K), 3 survivors (3072K)
 Metaspace       used 20288K, committed 20736K, reserved 1114112K
  class space    used 2495K, committed 2688K, reserved 1048576K
}
Event: 5.006 GC heap after
{Heap after GC invocations=4 (full 0):
 garbage-first heap   total 133120K, used 9944K [0x0000000780000000, 0x0000000800000000)
  region size 1024K, 5 young (5120K), 5 survivors (5120K)
 Metaspace       used 20288K, committed 20736K, reserved 1114112K
  class space    used 2495K, committed 2688K, reserved 1048576K
}
Event: 5.267 GC heap before
{Heap before GC invocations=4 (full 0):
 garbage-first heap   total 133120K, used 21208K [0x0000000780000000, 0x0000000800000000)
  region size 1024K, 17 young (17408K), 5 survivors (5120K)
 Metaspace       used 21171K, committed 21504K, reserved 1114112K
  class space    used 2592K, committed 2752K, reserved 1048576K
}
Event: 5.276 GC heap after
{Heap after GC invocations=5 (full 0):
 garbage-first heap   total 133120K, used 10782K [0x0000000780000000, 0x0000000800000000)
  region size 1024K, 6 young (6144K), 6 survivors (6144K)
 Metaspace       used 21171K, committed 21504K, reserved 1114112K
  class space    used 2592K, committed 2752K, reserved 1048576K
}
Event: 5.691 GC heap before
{Heap before GC invocations=6 (full 0):
 garbage-first heap   total 40960K, used 29214K [0x0000000780000000, 0x0000000800000000)
  region size 1024K, 24 young (24576K), 6 survivors (6144K)
 Metaspace       used 22697K, committed 23168K, reserved 1114112K
  class space    used 2821K, committed 3008K, reserved 1048576K
}
Event: 5.705 GC heap after
{Heap after GC invocations=7 (full 0):
 garbage-first heap   total 40960K, used 11910K [0x0000000780000000, 0x0000000800000000)
  region size 1024K, 2 young (2048K), 2 survivors (2048K)
 Metaspace       used 22697K, committed 23168K, reserved 1114112K
  class space    used 2821K, committed 3008K, reserved 1048576K
}
Event: 6.097 GC heap before
{Heap before GC invocations=7 (full 0):
 garbage-first heap   total 40960K, used 34438K [0x0000000780000000, 0x0000000800000000)
  region size 1024K, 24 young (24576K), 2 survivors (2048K)
 Metaspace       used 25365K, committed 25856K, reserved 1114112K
  class space    used 3167K, committed 3392K, reserved 1048576K
}
Event: 6.102 GC heap after
{Heap after GC invocations=8 (full 0):
 garbage-first heap   total 40960K, used 11825K [0x0000000780000000, 0x0000000800000000)
  region size 1024K, 2 young (2048K), 2 survivors (2048K)
 Metaspace       used 25365K, committed 25856K, reserved 1114112K
  class space    used 3167K, committed 3392K, reserved 1048576K
}
Event: 10.570 GC heap before
{Heap before GC invocations=8 (full 0):
 garbage-first heap   total 40960K, used 34353K [0x0000000780000000, 0x0000000800000000)
  region size 1024K, 24 young (24576K), 2 survivors (2048K)
 Metaspace       used 27706K, committed 28224K, reserved 1114112K
  class space    used 3484K, committed 3712K, reserved 1048576K
}
Event: 10.577 GC heap after
{Heap after GC invocations=9 (full 0):
 garbage-first heap   total 49152K, used 13063K [0x0000000780000000, 0x0000000800000000)
  region size 1024K, 3 young (3072K), 3 survivors (3072K)
 Metaspace       used 27706K, committed 28224K, reserved 1114112K
  class space    used 3484K, committed 3712K, reserved 1048576K
}
Event: 11.078 GC heap before
{Heap before GC invocations=9 (full 0):
 garbage-first heap   total 49152K, used 38663K [0x0000000780000000, 0x0000000800000000)
  region size 1024K, 28 young (28672K), 3 survivors (3072K)
 Metaspace       used 29933K, committed 30464K, reserved 1114112K
  class space    used 3848K, committed 4096K, reserved 1048576K
}
Event: 11.085 GC heap after
{Heap after GC invocations=10 (full 0):
 garbage-first heap   total 49152K, used 13820K [0x0000000780000000, 0x0000000800000000)
  region size 1024K, 3 young (3072K), 3 survivors (3072K)
 Metaspace       used 29933K, committed 30464K, reserved 1114112K
  class space    used 3848K, committed 4096K, reserved 1048576K
}
Event: 22.043 GC heap before
{Heap before GC invocations=10 (full 0):
 garbage-first heap   total 49152K, used 39420K [0x0000000780000000, 0x0000000800000000)
  region size 1024K, 28 young (28672K), 3 survivors (3072K)
 Metaspace       used 33320K, committed 33856K, reserved 1114112K
  class space    used 4282K, committed 4480K, reserved 1048576K
}
Event: 22.050 GC heap after
{Heap after GC invocations=11 (full 0):
 garbage-first heap   total 49152K, used 15069K [0x0000000780000000, 0x0000000800000000)
  region size 1024K, 4 young (4096K), 4 survivors (4096K)
 Metaspace       used 33320K, committed 33856K, reserved 1114112K
  class space    used 4282K, committed 4480K, reserved 1048576K
}
Event: 32.448 GC heap before
{Heap before GC invocations=11 (full 0):
 garbage-first heap   total 49152K, used 33501K [0x0000000780000000, 0x0000000800000000)
  region size 1024K, 24 young (24576K), 4 survivors (4096K)
 Metaspace       used 35609K, committed 36096K, reserved 1114112K
  class space    used 4589K, committed 4800K, reserved 1048576K
}
Event: 32.467 GC heap after
{Heap after GC invocations=12 (full 0):
 garbage-first heap   total 49152K, used 16299K [0x0000000780000000, 0x0000000800000000)
  region size 1024K, 4 young (4096K), 4 survivors (4096K)
 Metaspace       used 35609K, committed 36096K, reserved 1114112K
  class space    used 4589K, committed 4800K, reserved 1048576K
}

